# JRE version: OpenJDK Runtime Environment Temurin-17.0.15+6 (17.0.15+6) (build 17.0.15+6)
# Java VM: OpenJDK 64-Bit Server VM Temurin-17.0.15+6 (17.0.15+6, mixed mode, sharing, tiered, compressed oops, compressed class ptrs, g1 gc, windows-amd64)
GC Precious Log:
 CPUs: 12 total, 12 available
 Memory: 8012M
 Large Page Support: Disabled
 NUMA Support: Disabled
 Compressed Oops: Enabled (32-bit)
 Heap Region Size: 1M
 Heap Min Capacity: 8M
 Heap Initial Capacity: 126M
 Heap Max Capacity: 2004M
 Pre-touch: Disabled
 Parallel Workers: 10
 Concurrent Workers: 3
 Concurrent Refinement Workers: 10
 Periodic GC: Disabled
Heap:
 garbage-first heap   total 106496K, used 66488K [0x0000000082c00000, 0x0000000100000000)
  region size 1024K, 44 young (45056K), 8 survivors (8192K)
 Metaspace       used 26950K, committed 27264K, reserved 1114112K
  class space    used 2942K, committed 3072K, reserved 1048576K
GC Heap History (10 events):
Event: 0.694 GC heap before
{Heap before GC invocations=0 (full 0):
 garbage-first heap   total 129024K, used 24576K [0x0000000082c00000, 0x0000000100000000)
  region size 1024K, 23 young (23552K), 0 survivors (0K)
 Metaspace       used 5829K, committed 5952K, reserved 1114112K
  class space    used 532K, committed 576K, reserved 1048576K
}
Event: 0.701 GC heap after
{Heap after GC invocations=1 (full 0):
 garbage-first heap   total 129024K, used 6602K [0x0000000082c00000, 0x0000000100000000)
  region size 1024K, 3 young (3072K), 3 survivors (3072K)
 Metaspace       used 5829K, committed 5952K, reserved 1114112K
  class space    used 532K, committed 576K, reserved 1048576K
}
Event: 1.073 GC heap before
{Heap before GC invocations=1 (full 0):
 garbage-first heap   total 129024K, used 35274K [0x0000000082c00000, 0x0000000100000000)
  region size 1024K, 31 young (31744K), 3 survivors (3072K)
 Metaspace       used 9648K, committed 9792K, reserved 1114112K
  class space    used 849K, committed 896K, reserved 1048576K
}
Event: 1.083 GC heap after
{Heap after GC invocations=2 (full 0):
 garbage-first heap   total 129024K, used 12114K [0x0000000082c00000, 0x0000000100000000)
  region size 1024K, 4 young (4096K), 4 survivors (4096K)
 Metaspace       used 9648K, committed 9792K, reserved 1114112K
  class space    used 849K, committed 896K, reserved 1048576K
}
Event: 1.651 GC heap before
{Heap before GC invocations=2 (full 0):
 garbage-first heap   total 129024K, used 69458K [0x0000000082c00000, 0x0000000100000000)
  region size 1024K, 60 young (61440K), 4 survivors (4096K)
 Metaspace       used 13191K, committed 13376K, reserved 1114112K
  class space    used 1176K, committed 1280K, reserved 1048576K
}
Event: 1.662 GC heap after
{Heap after GC invocations=3 (full 0):
 garbage-first heap   total 129024K, used 21036K [0x0000000082c00000, 0x0000000100000000)
  region size 1024K, 8 young (8192K), 8 survivors (8192K)
 Metaspace       used 13191K, committed 13376K, reserved 1114112K
  class space    used 1176K, committed 1280K, reserved 1048576K
}
Event: 2.008 GC heap before
{Heap before GC invocations=3 (full 0):
 garbage-first heap   total 129024K, used 72236K [0x0000000082c00000, 0x0000000100000000)
  region size 1024K, 58 young (59392K), 8 survivors (8192K)
 Metaspace       used 16041K, committed 16256K, reserved 1114112K
  class space    used 1538K, committed 1664K, reserved 1048576K
}
Event: 2.019 GC heap after
{Heap after GC invocations=4 (full 0):
 garbage-first heap   total 129024K, used 25418K [0x0000000082c00000, 0x0000000100000000)
  region size 1024K, 4 young (4096K), 4 survivors (4096K)
 Metaspace       used 16041K, committed 16256K, reserved 1114112K
  class space    used 1538K, committed 1664K, reserved 1048576K
}
Event: 3.162 GC heap before
{Heap before GC invocations=4 (full 0):
 garbage-first heap   total 129024K, used 72522K [0x0000000082c00000, 0x0000000100000000)
  region size 1024K, 51 young (52224K), 4 survivors (4096K)
 Metaspace       used 21252K, committed 21504K, reserved 1114112K
  class space    used 2231K, committed 2368K, reserved 1048576K
}
Event: 3.174 GC heap after
{Heap after GC invocations=5 (full 0):
 garbage-first heap   total 129024K, used 30648K [0x0000000082c00000, 0x0000000100000000)
  region size 1024K, 8 young (8192K), 8 survivors (8192K)
 Metaspace       used 21252K, committed 21504K, reserved 1114112K
  class space    used 2231K, committed 2368K, reserved 1048576K
}

