# JRE version: OpenJDK Runtime Environment Temurin-17.0.15+6 (17.0.15+6) (build 17.0.15+6)
# Java VM: OpenJDK 64-Bit Server VM Temurin-17.0.15+6 (17.0.15+6, mixed mode, sharing, tiered, compressed oops, compressed class ptrs, g1 gc, windows-amd64)
GC Precious Log:
 CPUs: 12 total, 12 available
 Memory: 8012M
 Large Page Support: Disabled
 NUMA Support: Disabled
 Compressed Oops: Enabled (32-bit)
 Heap Region Size: 1M
 Heap Min Capacity: 8M
 Heap Initial Capacity: 126M
 Heap Max Capacity: 2004M
 Pre-touch: Disabled
 Parallel Workers: 10
 Concurrent Workers: 3
 Concurrent Refinement Workers: 10
 Periodic GC: Disabled
Heap:
 garbage-first heap   total 135168K, used 54680K [0x0000000082c00000, 0x0000000100000000)
  region size 1024K, 9 young (9216K), 4 survivors (4096K)
 Metaspace       used 35165K, committed 35584K, reserved 1114112K
  class space    used 3906K, committed 4096K, reserved 1048576K
GC Heap History (16 events):
Event: 0.704 GC heap before
{Heap before GC invocations=0 (full 0):
 garbage-first heap   total 129024K, used 24576K [0x0000000082c00000, 0x0000000100000000)
  region size 1024K, 23 young (23552K), 0 survivors (0K)
 Metaspace       used 5831K, committed 5952K, reserved 1114112K
  class space    used 529K, committed 576K, reserved 1048576K
}
Event: 0.709 GC heap after
{Heap after GC invocations=1 (full 0):
 garbage-first heap   total 129024K, used 6411K [0x0000000082c00000, 0x0000000100000000)
  region size 1024K, 3 young (3072K), 3 survivors (3072K)
 Metaspace       used 5831K, committed 5952K, reserved 1114112K
  class space    used 529K, committed 576K, reserved 1048576K
}
Event: 1.155 GC heap before
{Heap before GC invocations=1 (full 0):
 garbage-first heap   total 129024K, used 35083K [0x0000000082c00000, 0x0000000100000000)
  region size 1024K, 31 young (31744K), 3 survivors (3072K)
 Metaspace       used 9706K, committed 9856K, reserved 1114112K
  class space    used 855K, committed 896K, reserved 1048576K
}
Event: 1.167 GC heap after
{Heap after GC invocations=2 (full 0):
 garbage-first heap   total 129024K, used 12196K [0x0000000082c00000, 0x0000000100000000)
  region size 1024K, 4 young (4096K), 4 survivors (4096K)
 Metaspace       used 9706K, committed 9856K, reserved 1114112K
  class space    used 855K, committed 896K, reserved 1048576K
}
Event: 1.735 GC heap before
{Heap before GC invocations=2 (full 0):
 garbage-first heap   total 129024K, used 68516K [0x0000000082c00000, 0x0000000100000000)
  region size 1024K, 59 young (60416K), 4 survivors (4096K)
 Metaspace       used 13218K, committed 13376K, reserved 1114112K
  class space    used 1177K, committed 1280K, reserved 1048576K
}
Event: 1.747 GC heap after
{Heap after GC invocations=3 (full 0):
 garbage-first heap   total 129024K, used 21267K [0x0000000082c00000, 0x0000000100000000)
  region size 1024K, 8 young (8192K), 8 survivors (8192K)
 Metaspace       used 13218K, committed 13376K, reserved 1114112K
  class space    used 1177K, committed 1280K, reserved 1048576K
}
Event: 2.130 GC heap before
{Heap before GC invocations=3 (full 0):
 garbage-first heap   total 129024K, used 72467K [0x0000000082c00000, 0x0000000100000000)
  region size 1024K, 58 young (59392K), 8 survivors (8192K)
 Metaspace       used 16041K, committed 16256K, reserved 1114112K
  class space    used 1537K, committed 1664K, reserved 1048576K
}
Event: 2.141 GC heap after
{Heap after GC invocations=4 (full 0):
 garbage-first heap   total 129024K, used 25600K [0x0000000082c00000, 0x0000000100000000)
  region size 1024K, 4 young (4096K), 4 survivors (4096K)
 Metaspace       used 16041K, committed 16256K, reserved 1114112K
  class space    used 1537K, committed 1664K, reserved 1048576K
}
Event: 2.778 GC heap before
{Heap before GC invocations=4 (full 0):
 garbage-first heap   total 129024K, used 68608K [0x0000000082c00000, 0x0000000100000000)
  region size 1024K, 47 young (48128K), 4 survivors (4096K)
 Metaspace       used 21277K, committed 21504K, reserved 1114112K
  class space    used 2113K, committed 2240K, reserved 1048576K
}
Event: 2.788 GC heap after
{Heap after GC invocations=5 (full 0):
 garbage-first heap   total 129024K, used 31197K [0x0000000082c00000, 0x0000000100000000)
  region size 1024K, 8 young (8192K), 8 survivors (8192K)
 Metaspace       used 21277K, committed 21504K, reserved 1114112K
  class space    used 2113K, committed 2240K, reserved 1048576K
}
Event: 4.242 GC heap before
{Heap before GC invocations=6 (full 0):
 garbage-first heap   total 112640K, used 88541K [0x0000000082c00000, 0x0000000100000000)
  region size 1024K, 65 young (66560K), 8 survivors (8192K)
 Metaspace       used 26929K, committed 27200K, reserved 1114112K
  class space    used 2798K, committed 2944K, reserved 1048576K
}
Event: 4.265 GC heap after
{Heap after GC invocations=7 (full 0):
 garbage-first heap   total 135168K, used 40624K [0x0000000082c00000, 0x0000000100000000)
  region size 1024K, 9 young (9216K), 9 survivors (9216K)
 Metaspace       used 26929K, committed 27200K, reserved 1114112K
  class space    used 2798K, committed 2944K, reserved 1048576K
}
Event: 8.126 GC heap before
{Heap before GC invocations=7 (full 0):
 garbage-first heap   total 135168K, used 94896K [0x0000000082c00000, 0x0000000100000000)
  region size 1024K, 62 young (63488K), 9 survivors (9216K)
 Metaspace       used 32246K, committed 32512K, reserved 1114112K
  class space    used 3610K, committed 3712K, reserved 1048576K
}
Event: 8.140 GC heap after
{Heap after GC invocations=8 (full 0):
 garbage-first heap   total 135168K, used 46946K [0x0000000082c00000, 0x0000000100000000)
  region size 1024K, 6 young (6144K), 6 survivors (6144K)
 Metaspace       used 32246K, committed 32512K, reserved 1114112K
  class space    used 3610K, committed 3712K, reserved 1048576K
}
Event: 32.844 GC heap before
{Heap before GC invocations=8 (full 0):
 garbage-first heap   total 135168K, used 98146K [0x0000000082c00000, 0x0000000100000000)
  region size 1024K, 56 young (57344K), 6 survivors (6144K)
 Metaspace       used 34963K, committed 35328K, reserved 1114112K
  class space    used 3881K, committed 4096K, reserved 1048576K
}
Event: 32.849 GC heap after
{Heap after GC invocations=9 (full 0):
 garbage-first heap   total 135168K, used 50584K [0x0000000082c00000, 0x0000000100000000)
  region size 1024K, 4 young (4096K), 4 survivors (4096K)
 Metaspace       used 34963K, committed 35328K, reserved 1114112K
  class space    used 3881K, committed 4096K, reserved 1048576K
}

